Error retrieving list of venues from the database
Error retrieving list of venues from the database
Error retrieving list of venues from the database
Error retrieving list of venues from the database
Error retrieving list of venues from the database
Error retrieving list of venues from the database
Error retrieving list of venues from the database
Error retrieving list of venues from the database
Error retrieving list of venues from the database
Error retrieving list of venues from the database
Error retrieving list of venues from the database
Error retrieving list of venues from the database
Error retrieving list of venues from the database
Error retrieving list of venues from the database
Error retrieving list of venues from the database
Error retrieving list of venues from the database
Error retrieving list of venues from the database
Error retrieving list of venues from the database
Error retrieving list of venues from the database
Error retrieving list of venues from the database
Error retrieving list of venues from the database
Error retrieving list of venues from the database
Error retrieving list of venues from the database
Error retrieving list of venues from the database
Error retrieving list of venues from the database
Error retrieving list of venues from the database
Error retrieving list of venues from the database
Error retrieving info about the venue from the database
Error retrieving info about the venue from the database
Error retrieving info about the venue from the database
Error retrieving info about the venue from the database
Error retrieving list of venues from the database
Error retrieving list of venues from the database
Error retrieving list of venues from the database
Error retrieving list of venues from the database
Error retrieving list of venues from the database
Error retrieving list of venues from the database
Error retrieving list of venues from the database
Error retrieving list of venues from the database
Error retrieving list of venues from the database
Error retrieving info about the venue from the database
Error retrieving info about the venue from the database
Error retrieving info about the venue from the database
Error retrieving info about the venue from the database
Error retrieving info about the venue from the database
Error retrieving info about the venue from the database
Error retrieving info about the venue from the database
Error retrieving info about the venue from the database
Error retrieving info about the venue from the database
Error retrieving info about the venue from the database
Error retrieving info about the venue from the database
Error retrieving info about the venue from the database
Error retrieving info about the venue from the database
Error retrieving info about the venue from the database
Error retrieving info about the venue from the database
Error retrieving info about the venue from the database
Error retrieving info about the venue from the database
Error retrieving info about the venue from the database
Error retrieving info about the venue from the database
Error retrieving info about the venue from the database
Error retrieving info about the venue from the database
Error retrieving list of venues from the database
Error retrieving list of venues from the database
Error retrieving list of venues from the database
Error retrieving list of venues from the database
Error retrieving list of venues from the database
Error retrieving list of venues from the database
Error retrieving list of venues from the database
Error retrieving info about the venue from the database
Error retrieving info about the venue from the database
Error retrieving info about the venue from the database
Error retrieving list of venues from the database
Error inserting the show into the database
Error retrieving artist from the database
Venue could not be listed
Venue could not be listed
Venue could not be listed
Venue could not be listed
Venue could not be listed
Invalid venue data
Invalid venue data
Invalid venue data
Invalid venue data
Invalid venue data
Invalid venue data
Invalid venue data
Venue could not be updated in the database
Venue could not be updated in the database
Invalid venue data
Invalid venue data
Invalid venue data
Invalid venue data
Invalid venue data
Venue could not be listed
Venue could not be listed
Venue could not be listed
Venue could not be listed
Invalid venue data
Invalid venue data
Invalid venue data
Invalid venue data
Invalid venue data
Invalid artist data
Invalid artist data
Invalid artist data
Invalid artist data
Invalid artist data
Invalid artist data
Invalid artist data
Invalid artist data
Invalid artist data
Invalid artist data
Invalid artist data
Invalid artist data
Invalid venue data
Invalid venue data
Invalid venue data
Invalid venue data
Invalid venue data
Invalid venue data
Venue could not be updated in the database
Invalid venue data
Invalid venue data
Invalid venue data
Invalid venue data
Invalid venue data
Invalid venue data
Invalid venue data
Invalid venue data
Invalid venue data
Invalid venue data
Invalid venue data
Invalid venue data
Invalid venue data
Invalid venue data
Invalid artist data
Invalid artist data
Invalid artist data
Invalid artist data
Invalid artist data
Invalid artist data
Invalid venue data
Invalid venue data
Invalid venue data
Invalid venue data
Invalid venue data
Invalid venue data
Invalid venue data
Invalid venue data
Invalid artist data
Invalid venue data
Invalid artist data
Error inserting the show into the database
Error inserting the show into the database
Error inserting the show into the database
Error inserting the show into the database
Error inserting the show into the database
Error inserting the show into the database
Error inserting the show into the database
Error inserting the show into the database
Error inserting the show into the database
Error inserting the show into the database
Error inserting the show into the database
Error inserting the show into the database
Error inserting the show into the database
Error inserting the show into the database
Error inserting the show into the database
Error retrieving info about the venue from the database
Error retrieving info about the venue from the database
Error retrieving info about the venue from the database
Error retrieving info about the venue from the database
Error retrieving info about the venue from the database
Error retrieving info about the venue from the database
